2026-05-18 19:08:02 INFO  - Список всех
2026-05-18 19:08:09 INFO  - Список всех
2026-05-18 19:08:17 INFO  - Список всех
2026-05-18 19:08:23 INFO  - Список всех
2026-05-18 19:09:57 INFO  - Список всех
2026-05-18 19:10:00 INFO  - Список всех
2026-05-18 19:10:06 INFO  - Список всех
2026-05-18 19:10:38 INFO  - Список всех
2026-05-18 19:10:45 INFO  - Список всех
2026-05-18 19:10:52 INFO  - Список всех
2026-05-18 19:10:56 INFO  - Список всех
2026-05-18 19:11:16 INFO  - Список всех
2026-05-18 19:11:24 INFO  - Список всех
2026-05-18 19:12:20 INFO  - Список всех
2026-05-18 19:12:27 INFO  - Список всех
2026-05-18 19:12:29 INFO  - Список всех
2026-05-18 19:12:30 INFO  - Список всех
2026-05-18 19:12:39 INFO  - Список всех
2026-05-18 19:12:43 INFO  - Список всех
2026-05-18 19:12:47 INFO  - Список всех
2026-05-18 19:12:49 INFO  - Список всех
2026-05-18 19:15:19 INFO  - Список всех
2026-05-18 19:15:24 INFO  - Список всех
2026-05-18 19:15:30 INFO  - Список всех
2026-05-18 19:15:32 INFO  - Список всех
2026-05-18 19:15:37 INFO  - Список всех
2026-05-18 19:15:42 INFO  - Список всех
2026-05-18 19:15:43 INFO  - Список всех
2026-05-18 19:15:43 INFO  - Список всех
2026-05-18 19:16:24 INFO  - Список всех
2026-05-18 19:17:41 INFO  - Список всех
2026-05-18 19:17:48 INFO  - Список всех
2026-05-18 19:17:49 INFO  - Список всех
2026-05-18 19:20:54 INFO  - Список всех
2026-05-18 19:21:01 INFO  - Список всех
2026-05-18 19:21:02 INFO  - Список всех
2026-05-18 19:21:03 INFO  - Список всех
2026-05-18 19:21:03 INFO  - Список всех
2026-05-18 19:29:07 INFO  - Список всех
2026-05-18 19:30:56 INFO  - Список всех
2026-05-18 19:31:03 INFO  - Создание: QA-инженер
2026-05-18 19:31:03 INFO  - Список всех
2026-05-18 19:31:08 INFO  - Список всех
2026-05-18 19:31:14 INFO  - Список всех
2026-05-18 19:31:18 INFO  - Список всех
2026-05-18 19:31:20 INFO  - Список всех
2026-05-18 19:31:24 INFO  - Список всех
2026-05-19 10:01:58 INFO  - Список всех
2026-05-19 10:02:03 INFO  - Список всех
2026-05-19 10:03:20 INFO  - Список всех
2026-05-19 10:03:23 INFO  - Список всех
2026-05-19 10:03:27 INFO  - Список всех
2026-05-19 10:03:31 INFO  - Список всех
2026-05-19 10:04:12 INFO  - Список всех
2026-05-19 10:04:19 INFO  - Список всех
2026-05-19 10:04:21 INFO  - Список всех
2026-05-19 10:04:25 INFO  - Список всех
2026-05-19 10:04:28 INFO  - Список всех
2026-05-19 10:04:28 INFO  - Список всех
2026-05-19 10:04:31 INFO  - Список всех
2026-05-19 10:04:34 INFO  - Создание: 4324
2026-05-19 10:04:34 INFO  - Список всех
2026-05-19 10:04:50 INFO  - Список всех
2026-05-19 19:47:35 INFO  - Список всех
2026-05-19 19:47:52 INFO  - Список всех
2026-05-19 19:50:20 INFO  - Список всех
2026-05-19 19:50:30 INFO  - Список всех
2026-05-19 19:51:30 INFO  - Список всех
2026-05-19 19:51:34 ERROR - Ошибка загрузки: C:\Users\Администратор\AppData\Local\Temp\tomcat.8080.14099533904437992400\work\Tomcat\localhost\ROOT\upload_0a73276c_71b7_47ef_9b66_1196dbe45945_00000000.tmp
2026-05-19 19:51:43 INFO  - Список всех
2026-05-19 19:52:15 INFO  - Создание: 5345
2026-05-19 19:52:15 INFO  - Список всех
2026-05-19 19:52:18 INFO  - Список всех
2026-05-19 19:52:24 INFO  - Список всех
2026-05-19 19:52:28 INFO  - Список всех
2026-05-19 19:52:29 INFO  - Список всех
2026-05-19 19:53:00 INFO  - Список всех
2026-05-19 19:54:24 ERROR - Ошибка загрузки: C:\Users\Администратор\AppData\Local\Temp\tomcat.8080.14099533904437992400\work\Tomcat\localhost\ROOT\upload_0a73276c_71b7_47ef_9b66_1196dbe45945_00000001.tmp
2026-05-19 19:54:27 INFO  - Список всех
2026-05-19 19:54:32 ERROR - Ошибка загрузки: C:\Users\Администратор\AppData\Local\Temp\tomcat.8080.14099533904437992400\work\Tomcat\localhost\ROOT\upload_0a73276c_71b7_47ef_9b66_1196dbe45945_00000002.tmp
2026-05-19 19:54:33 INFO  - Список всех
2026-05-19 19:55:16 INFO  - Список всех
2026-05-19 19:55:23 ERROR - Ошибка: Cannot get a STRING value from a NUMERIC cell
2026-05-19 19:55:28 INFO  - Список всех
2026-05-19 19:56:56 INFO  - Список всех
2026-05-19 19:57:01 INFO  - Загружено 1 записей
2026-05-19 19:57:03 INFO  - Список всех
2026-05-19 19:57:11 INFO  - Список всех
2026-05-19 20:08:06 INFO  - Список всех
2026-05-19 20:08:19 INFO  - Создание: QA-инженер
2026-05-19 20:08:19 INFO  - Список всех
2026-05-19 20:08:27 INFO  - Список всех
2026-05-19 20:09:12 INFO  - Список всех
2026-05-19 20:09:13 INFO  - Список всех
2026-05-19 20:09:28 INFO  - Загружено 1 записей
2026-05-19 20:09:31 INFO  - Список всех
2026-05-19 20:10:39 INFO  - Список всех
2026-05-19 20:10:48 INFO  - Создание: Generic H2 (Embedded)
2026-05-19 20:10:48 INFO  - Список всех
2026-05-19 20:10:53 INFO  - Список всех
2026-05-19 20:10:58 INFO  - Список всех
2026-05-19 20:11:10 INFO  - Список всех
2026-05-19 20:11:33 INFO  - Загружено 1 записей
2026-05-19 20:11:34 INFO  - Список всех
2026-05-19 20:11:40 INFO  - Список всех
2026-05-19 20:11:42 INFO  - Список всех
2026-05-19 20:11:42 INFO  - Список всех
2026-05-19 20:11:42 INFO  - Список всех
2026-05-19 20:11:50 INFO  - Список всех
2026-05-19 20:11:57 INFO  - Список всех
2026-05-19 20:11:59 INFO  - Список всех
2026-05-19 20:11:59 INFO  - Список всех
2026-05-19 20:12:25 INFO  - Список всех
2026-05-19 20:12:38 INFO  - Список всех
2026-05-19 20:12:44 INFO  - Список всех
2026-05-19 20:12:46 INFO  - Список всех
2026-05-19 20:12:46 INFO  - Список всех
