2026-05-18 18:34:23 INFO  - === ВХОД: пользователь 'admin' ===
2026-05-18 18:34:24 INFO  - ? Вход выполнен: admin
2026-05-18 18:36:33 WARN  - Невалидный токен от запроса: /login
2026-05-18 18:36:33 WARN  - Невалидный токен от запроса: /favicon.ico
2026-05-18 18:36:35 WARN  - Невалидный токен от запроса: /api/auth/login
2026-05-18 18:36:35 INFO  - === ВХОД: пользователь 'admin' ===
2026-05-18 18:36:35 ERROR - ? Ошибка входа 'admin': Неверный логин или пароль
2026-05-18 18:36:36 WARN  - Невалидный токен от запроса: /api/auth/register
2026-05-18 18:36:36 INFO  - === РЕГИСТРАЦИЯ: пользователь 'admin' ===
2026-05-18 18:36:37 INFO  - ? Регистрация успешна: admin
2026-05-18 18:43:24 WARN  - Невалидный токен от запроса: /
2026-05-18 18:43:24 WARN  - Невалидный токен от запроса: /api/auth/check
2026-05-18 18:43:24 WARN  - Невалидный токен от запроса: /login
2026-05-18 18:43:24 WARN  - Невалидный токен от запроса: /favicon.ico
2026-05-18 18:43:24 WARN  - Невалидный токен от запроса: /favicon.ico
2026-05-18 18:43:26 WARN  - Невалидный токен от запроса: /api/auth/register
2026-05-18 18:43:26 INFO  - === РЕГИСТРАЦИЯ: пользователь 'admin' ===
2026-05-18 18:43:26 ERROR - ? Ошибка регистрации 'admin': Пользователь уже существует
2026-05-18 18:43:27 WARN  - Невалидный токен от запроса: /api/auth/login
2026-05-18 18:43:27 INFO  - === ВХОД: пользователь 'admin' ===
2026-05-18 18:43:27 INFO  - ? Вход выполнен: admin
2026-05-18 18:45:14 WARN  - Невалидный токен от запроса: /
2026-05-18 18:45:14 WARN  - Невалидный токен от запроса: /favicon.ico
2026-05-18 18:45:59 WARN  - Невалидный токен от запроса: /
2026-05-18 18:45:59 WARN  - Невалидный токен от запроса: /favicon.ico
2026-05-18 18:53:13 WARN  - Невалидный токен от запроса: /
2026-05-18 18:53:13 WARN  - Невалидный токен от запроса: /api/wipers
2026-05-18 18:53:13 WARN  - Невалидный токен от запроса: /api/auth/check
2026-05-18 18:53:13 WARN  - Невалидный токен от запроса: /login
2026-05-18 18:53:13 WARN  - Невалидный токен от запроса: /favicon.ico
2026-05-18 18:53:15 WARN  - Невалидный токен от запроса: /api/auth/login
2026-05-18 18:53:15 INFO  - === ВХОД: пользователь 'admin' ===
2026-05-18 18:53:15 INFO  - ? Вход выполнен: admin
2026-05-18 19:07:58 WARN  - Невалидный токен от запроса: /
2026-05-18 19:07:58 WARN  - Невалидный токен от запроса: /api/wipers
2026-05-18 19:07:58 WARN  - Невалидный токен от запроса: /api/auth/check
2026-05-18 19:07:58 WARN  - Невалидный токен от запроса: /login
2026-05-18 19:07:58 WARN  - Невалидный токен от запроса: /favicon.ico
2026-05-18 19:08:02 WARN  - Невалидный токен от запроса: /api/auth/login
2026-05-18 19:08:02 INFO  - Вход: admin
2026-05-18 19:08:05 INFO  - Выход
2026-05-18 19:08:07 INFO  - Вход: tim
2026-05-18 19:08:09 INFO  - Регистрация: tim
2026-05-18 19:08:16 INFO  - Выход
2026-05-18 19:08:17 INFO  - Вход: tim
2026-05-18 19:08:20 INFO  - Выход
2026-05-18 19:08:23 INFO  - Вход: admin
2026-05-18 19:09:56 INFO  - Вход: user
2026-05-18 19:09:56 INFO  - Регистрация: user
2026-05-18 19:10:03 INFO  - Выход
2026-05-18 19:10:06 INFO  - Вход: admin
2026-05-18 19:10:08 INFO  - Выход
2026-05-18 19:10:38 INFO  - Вход: admin
2026-05-18 19:10:42 INFO  - Выход
2026-05-18 19:10:45 INFO  - Вход: user
2026-05-18 19:11:12 INFO  - Выход
2026-05-18 19:11:16 INFO  - Вход: tim
2026-05-18 19:11:18 INFO  - Выход
2026-05-18 19:11:23 INFO  - Вход: test
2026-05-18 19:11:24 INFO  - Регистрация: test
2026-05-18 19:11:28 INFO  - Выход
2026-05-18 19:12:20 INFO  - Вход: user
2026-05-18 19:12:43 INFO  - Вход: admin
2026-05-18 19:15:15 WARN  - Невалидный токен от запроса: /
2026-05-18 19:15:16 WARN  - Невалидный токен от запроса: /api/wipers
2026-05-18 19:15:16 WARN  - Невалидный токен от запроса: /api/auth/check
2026-05-18 19:15:16 WARN  - Невалидный токен от запроса: /login
2026-05-18 19:15:16 WARN  - Невалидный токен от запроса: /favicon.ico
2026-05-18 19:15:19 WARN  - Невалидный токен от запроса: /api/auth/login
2026-05-18 19:15:19 INFO  - Вход: admin
2026-05-18 19:15:21 INFO  - Выход
2026-05-18 19:15:24 INFO  - Вход: user
2026-05-18 19:15:34 INFO  - Выход
2026-05-18 19:15:37 INFO  - Вход: admin
2026-05-18 19:17:35 WARN  - Невалидный токен от запроса: /login
2026-05-18 19:17:35 WARN  - Невалидный токен от запроса: /favicon.ico
2026-05-18 19:17:41 WARN  - Невалидный токен от запроса: /api/auth/register
2026-05-18 19:17:41 INFO  - Регистрация: admin
2026-05-18 19:20:53 INFO  - Вход: admin
2026-05-18 19:20:54 INFO  - Регистрация: admin
2026-05-18 19:28:56 WARN  - Невалидный токен от запроса: /login
2026-05-18 19:28:56 WARN  - Невалидный токен от запроса: /login
2026-05-18 19:28:57 WARN  - Невалидный токен от запроса: /favicon.ico
2026-05-18 19:29:07 WARN  - Невалидный токен от запроса: /api/auth/register
2026-05-18 19:29:07 INFO  - Регистрация: admin
2026-05-18 19:30:52 WARN  - Невалидный токен от запроса: /
2026-05-18 19:30:52 WARN  - Невалидный токен от запроса: /api/auth/check
2026-05-18 19:30:52 WARN  - Невалидный токен от запроса: /api/wipers
2026-05-18 19:30:52 WARN  - Невалидный токен от запроса: /favicon.ico
2026-05-18 19:30:52 WARN  - Невалидный токен от запроса: /login
2026-05-18 19:30:52 WARN  - Невалидный токен от запроса: /favicon.ico
2026-05-18 19:30:55 WARN  - Невалидный токен от запроса: /api/auth/register
2026-05-18 19:30:55 INFO  - Регистрация: admin
2026-05-18 19:31:04 INFO  - Выход
2026-05-18 19:31:08 INFO  - Регистрация: user
2026-05-19 10:01:53 WARN  - Невалидный токен от запроса: /login
2026-05-19 10:01:53 WARN  - Невалидный токен от запроса: /favicon.ico
2026-05-19 10:01:58 WARN  - Невалидный токен от запроса: /api/auth/login
2026-05-19 10:01:58 INFO  - Вход: admin
2026-05-19 10:04:08 INFO  - Выход
2026-05-19 10:04:12 INFO  - Вход: user
2026-05-19 10:04:29 INFO  - Выход
2026-05-19 10:04:31 INFO  - Вход: admin
2026-05-19 19:47:15 WARN  - Невалидный токен от запроса: /h2-console
2026-05-19 19:47:15 WARN  - Невалидный токен от запроса: /h2-console/
2026-05-19 19:47:15 WARN  - Невалидный токен от запроса: /h2-console/stylesheet.css
2026-05-19 19:47:15 WARN  - Невалидный токен от запроса: /h2-console/login.jsp
2026-05-19 19:47:15 WARN  - Невалидный токен от запроса: /h2-console/background.gif
2026-05-19 19:47:15 WARN  - Невалидный токен от запроса: /favicon.ico
2026-05-19 19:47:17 WARN  - Невалидный токен от запроса: /h2-console/login.do
2026-05-19 19:47:17 WARN  - Невалидный токен от запроса: /h2-console/header.jsp
2026-05-19 19:47:17 WARN  - Невалидный токен от запроса: /h2-console/tables.do
2026-05-19 19:47:17 WARN  - Невалидный токен от запроса: /h2-console/query.jsp
2026-05-19 19:47:17 WARN  - Невалидный токен от запроса: /h2-console/help.jsp
2026-05-19 19:47:17 WARN  - Невалидный токен от запроса: /h2-console/icon_disconnect.gif
2026-05-19 19:47:17 WARN  - Невалидный токен от запроса: /h2-console/icon_line.gif
2026-05-19 19:47:17 WARN  - Невалидный токен от запроса: /h2-console/icon_refresh.gif
2026-05-19 19:47:17 WARN  - Невалидный токен от запроса: /h2-console/icon_rollback.gif
2026-05-19 19:47:17 WARN  - Невалидный токен от запроса: /h2-console/icon_commit.gif
2026-05-19 19:47:17 WARN  - Невалидный токен от запроса: /h2-console/icon_run.gif
2026-05-19 19:47:17 WARN  - Невалидный токен от запроса: /h2-console/icon_run_selected.gif
2026-05-19 19:47:17 WARN  - Невалидный токен от запроса: /h2-console/icon_stop.gif
2026-05-19 19:47:17 WARN  - Невалидный токен от запроса: /h2-console/icon_history.gif
2026-05-19 19:47:17 WARN  - Невалидный токен от запроса: /h2-console/icon_help.gif
2026-05-19 19:47:17 WARN  - Невалидный токен от запроса: /h2-console/tree.js
2026-05-19 19:47:17 WARN  - Невалидный токен от запроса: /h2-console/tree_minus.gif
2026-05-19 19:47:17 WARN  - Невалидный токен от запроса: /h2-console/tree_plus.gif
2026-05-19 19:47:17 WARN  - Невалидный токен от запроса: /h2-console/tree_database.gif
2026-05-19 19:47:17 WARN  - Невалидный токен от запроса: /h2-console/tree_table.gif
2026-05-19 19:47:17 WARN  - Невалидный токен от запроса: /h2-console/tree_empty.gif
2026-05-19 19:47:17 WARN  - Невалидный токен от запроса: /h2-console/tree_column.gif
2026-05-19 19:47:17 WARN  - Невалидный токен от запроса: /h2-console/tree_folder.gif
2026-05-19 19:47:17 WARN  - Невалидный токен от запроса: /h2-console/tree_users.gif
2026-05-19 19:47:17 WARN  - Невалидный токен от запроса: /h2-console/tree_info.gif
2026-05-19 19:47:17 WARN  - Невалидный токен от запроса: /h2-console/tree_type.gif
2026-05-19 19:47:17 WARN  - Невалидный токен от запроса: /h2-console/tree_index_az.gif
2026-05-19 19:47:17 WARN  - Невалидный токен от запроса: /h2-console/tree_index.gif
2026-05-19 19:47:17 WARN  - Невалидный токен от запроса: /h2-console/tree_view.gif
2026-05-19 19:47:17 WARN  - Невалидный токен от запроса: /h2-console/tree_user.gif
2026-05-19 19:47:17 WARN  - Невалидный токен от запроса: /favicon.ico
2026-05-19 19:47:27 WARN  - Невалидный токен от запроса: /h2-console/query.do
2026-05-19 19:47:27 WARN  - Невалидный токен от запроса: /h2-console/stylesheet.css
2026-05-19 19:47:27 WARN  - Невалидный токен от запроса: /h2-console/table.js
2026-05-19 19:47:32 WARN  - Невалидный токен от запроса: /login
2026-05-19 19:47:33 WARN  - Невалидный токен от запроса: /favicon.ico
2026-05-19 19:47:34 WARN  - Невалидный токен от запроса: /api/auth/login
2026-05-19 19:47:34 INFO  - Вход: admin
2026-05-19 19:47:35 WARN  - Невалидный токен от запроса: /api/auth/register
2026-05-19 19:47:35 INFO  - Регистрация: admin
2026-05-19 19:50:17 WARN  - Невалидный токен от запроса: /
2026-05-19 19:50:17 WARN  - Невалидный токен от запроса: /api/wipers
2026-05-19 19:50:17 WARN  - Невалидный токен от запроса: /api/auth/check
2026-05-19 19:50:17 WARN  - Невалидный токен от запроса: /login
2026-05-19 19:50:17 WARN  - Невалидный токен от запроса: /favicon.ico
2026-05-19 19:50:20 WARN  - Невалидный токен от запроса: /api/auth/login
2026-05-19 19:50:20 INFO  - Вход: admin
2026-05-19 19:51:27 WARN  - Невалидный токен от запроса: /
2026-05-19 19:51:28 WARN  - Невалидный токен от запроса: /api/wipers
2026-05-19 19:51:28 WARN  - Невалидный токен от запроса: /api/auth/check
2026-05-19 19:51:28 WARN  - Невалидный токен от запроса: /favicon.ico
2026-05-19 19:51:28 WARN  - Невалидный токен от запроса: /login
2026-05-19 19:51:28 WARN  - Невалидный токен от запроса: /favicon.ico
2026-05-19 19:51:29 WARN  - Невалидный токен от запроса: /api/auth/login
2026-05-19 19:51:29 INFO  - Вход: admin
2026-05-19 19:52:19 INFO  - Выход
2026-05-19 19:52:23 INFO  - Вход: tim
2026-05-19 19:52:24 INFO  - Регистрация: tim
2026-05-19 19:52:59 INFO  - Вход: admin
2026-05-19 19:53:00 INFO  - Регистрация: admin
2026-05-19 19:54:34 INFO  - Выход
2026-05-19 19:55:15 INFO  - Вход: admin
2026-05-19 19:56:55 WARN  - Невалидный токен от запроса: /
2026-05-19 19:56:55 WARN  - Невалидный токен от запроса: /api/wipers
2026-05-19 19:56:55 WARN  - Невалидный токен от запроса: /api/auth/check
2026-05-19 19:56:55 WARN  - Невалидный токен от запроса: /login
2026-05-19 19:56:55 WARN  - Невалидный токен от запроса: /login
2026-05-19 19:56:55 WARN  - Невалидный токен от запроса: /favicon.ico
2026-05-19 19:56:56 WARN  - Невалидный токен от запроса: /api/auth/login
2026-05-19 19:56:56 INFO  - Вход: admin
2026-05-19 20:01:14 WARN  - Невалидный токен от запроса: /
2026-05-19 20:01:14 WARN  - Невалидный токен от запроса: /api/auth/check
2026-05-19 20:01:14 WARN  - Невалидный токен от запроса: /api/wipers
2026-05-19 20:01:14 WARN  - Невалидный токен от запроса: /login
2026-05-19 20:01:14 WARN  - Невалидный токен от запроса: /favicon.ico
2026-05-19 20:01:20 WARN  - Невалидный токен от запроса: /swagger-ui.html
2026-05-19 20:01:21 WARN  - Невалидный токен от запроса: /swagger-ui.html
2026-05-19 20:01:24 WARN  - Невалидный токен от запроса: /login
2026-05-19 20:01:24 WARN  - Невалидный токен от запроса: /favicon.ico
2026-05-19 20:01:25 WARN  - Невалидный токен от запроса: /login
2026-05-19 20:01:25 WARN  - Невалидный токен от запроса: /favicon.ico
2026-05-19 20:05:17 WARN  - Невалидный токен от запроса: /login
2026-05-19 20:05:17 WARN  - Невалидный токен от запроса: /favicon.ico
2026-05-19 20:08:06 WARN  - Невалидный токен от запроса: /api/auth/login
2026-05-19 20:08:06 INFO  - Вход: admin
2026-05-19 20:10:35 WARN  - Невалидный токен от запроса: /
2026-05-19 20:10:35 WARN  - Невалидный токен от запроса: /api/wipers
2026-05-19 20:10:35 WARN  - Невалидный токен от запроса: /api/auth/check
2026-05-19 20:10:35 WARN  - Невалидный токен от запроса: /favicon.ico
2026-05-19 20:10:35 WARN  - Невалидный токен от запроса: /login
2026-05-19 20:10:35 WARN  - Невалидный токен от запроса: /favicon.ico
2026-05-19 20:10:39 WARN  - Невалидный токен от запроса: /api/auth/login
2026-05-19 20:10:39 INFO  - Вход: admin
2026-05-19 20:11:46 INFO  - Выход
2026-05-19 20:11:49 INFO  - Вход: user
2026-05-19 20:11:49 INFO  - Регистрация: user
2026-05-19 20:12:33 INFO  - Выход
2026-05-19 20:12:37 INFO  - Вход: tim
2026-05-19 20:12:37 INFO  - Регистрация: tim
2026-05-19 20:12:49 INFO  - Выход
